[22:02:20] [Server thread/INFO]: Starting minecraft server version 1.14.4
[22:02:20] [Server thread/INFO]: Loading properties
[22:02:21] [Server thread/INFO]: This server is running Paper version git-Paper-195 (MC: 1.14.4) (Implementing API version 1.14.4-R0.1-SNAPSHOT)
[22:02:21] [Server thread/INFO]: Debug logging is disabled
[22:02:21] [Server thread/INFO]: Server Ping Player Sample Count: 12
[22:02:21] [Server thread/INFO]: Using 4 threads for Netty based IO
[22:02:21] [Server thread/INFO]: Default game type: SURVIVAL
[22:02:21] [Server thread/INFO]: Generating keypair
[22:02:22] [Server thread/INFO]: Starting Minecraft server on *:25565
[22:02:22] [Server thread/INFO]: Using default channel type
[22:02:31] [Server thread/INFO]: [LuckPerms] Loading LuckPerms v4.4.1
[22:02:32] [Server thread/INFO]: [LuckPerms] Successfully downloaded 'text-1.11-1.6.5.jar' with matching checksum: I5D0U+Gsd5G3XO+W+4ZyO7Fyc8g7lt/up8oNpetq1W8=
[22:02:33] [Server thread/INFO]: [LuckPerms] Successfully downloaded 'text_adapter_bukkit-1.0.2.jar' with matching checksum: jZx0BgSlfyeamadYiE52wlJbQOwSyB4fffPoE526hOk=
[22:02:33] [Server thread/INFO]: [LuckPerms] Successfully downloaded 'event-3.0.0.jar' with matching checksum: yjvdTdAyktl3iFEQFLHC3qYwwt7/DbCd7Zc8Q4SlIag=
[22:02:33] [Server thread/INFO]: [LuckPerms] Successfully downloaded 'caffeine-2.7.0.jar' with matching checksum: Fw8phtcHwN+UIo9X1SV7fxH4hv1CtTthMWp0mKx+B/8=
[22:02:33] [Server thread/INFO]: [LuckPerms] Successfully downloaded 'okio-1.17.2.jar' with matching checksum: +AzkLS/6xHrUxH4db5gNYE0kfOsaiGcFz0WBqwyf4rg=
[22:02:34] [Server thread/INFO]: [LuckPerms] Successfully downloaded 'okhttp-3.13.1.jar' with matching checksum: CrQacT4qY478H0YQ7zTAf+85j517nXmm9UBrd5sAEaU=
[22:02:34] [Server thread/INFO]: [LuckPerms] Successfully downloaded 'commodore-1.3.jar' with matching checksum: 3+fpQ9eQpO73jm4z7G+6x+q87b8NwjY1KN+nmNGjplk=
[22:02:34] [Server thread/INFO]: [LuckPerms] Successfully downloaded 'asm-6.2.1.jar' with matching checksum: FGDbbDPMmchOXLMORrAX5NHMmn+8F0EB1vhIKbtkwIU=
[22:02:34] [Server thread/INFO]: [LuckPerms] Successfully downloaded 'asm_commons-6.2.1.jar' with matching checksum: P1eNMe8w+UttH0SBL0H+T5inzUKvNTNfXUhmqzuQGGU=
[22:02:34] [Server thread/INFO]: [LuckPerms] Successfully downloaded 'jar_relocator-1.3.jar' with matching checksum: mmz3ltQbS8xXGA2scM0ZH6raISlt4nukjCiU2l9Jxfs=
[22:02:34] [Server thread/INFO]: [LuckPerms] Attempting to apply relocations to text-1.11-1.6.5.jar...
[22:02:35] [Server thread/INFO]: [LuckPerms] Attempting to apply relocations to text_adapter_bukkit-1.0.2.jar...
[22:02:35] [Server thread/INFO]: [LuckPerms] Attempting to apply relocations to event-3.0.0.jar...
[22:02:35] [Server thread/INFO]: [LuckPerms] Attempting to apply relocations to caffeine-2.7.0.jar...
[22:02:37] [Server thread/INFO]: [LuckPerms] Attempting to apply relocations to okio-1.17.2.jar...
[22:02:37] [Server thread/INFO]: [LuckPerms] Attempting to apply relocations to okhttp-3.13.1.jar...
[22:02:38] [Server thread/INFO]: [LuckPerms] Attempting to apply relocations to commodore-1.3.jar...
[22:02:38] [Server thread/INFO]: [ProtocolLib] Loading ProtocolLib v4.5.0-SNAPSHOT
[22:02:39] [Server thread/WARN]: [ProtocolLib] Version (MC: 1.14.4) has not yet been tested! Proceed with caution.
[22:02:40] [Server thread/INFO]: [TrendyTrails] Loading TrendyTrails v0.1.1
[22:02:40] [Server thread/INFO]: [bracingbosses] Loading bracingbosses v0.1.0
[22:02:40] [Server thread/INFO]: Server permissions file permissions.yml is empty, ignoring it
[22:02:40] [Server thread/INFO]: [LuckPerms] Enabling LuckPerms v4.4.1
[22:02:40] [Server thread/INFO]:         __    
[22:02:40] [Server thread/INFO]:   |    |__)   LuckPerms v4.4.1
[22:02:40] [Server thread/INFO]:   |___ |      Running on Bukkit - Paper
[22:02:40] [Server thread/INFO]: 
[22:02:40] [Server thread/INFO]: [LuckPerms] Loading configuration...
[22:02:42] [Server thread/INFO]: [LuckPerms] Successfully downloaded 'h2_driver-1.4.198.jar' with matching checksum: Mt1rFJy3IqpMLdTUCnSpzUHjKsWaTnVaZuV1NmDWHUY=
[22:02:42] [Server thread/INFO]: [LuckPerms] Loading storage provider... [H2]
[22:02:44] [Server thread/INFO]: [LuckPerms] Loading internal permission managers...
[22:02:44] [Server thread/INFO]: [LuckPerms] Performing initial data load...
[22:02:45] [Server thread/INFO]: [LuckPerms] Successfully enabled. (took 4380ms)
[22:02:45] [Server thread/INFO]: [ProtocolLib] Enabling ProtocolLib v4.5.0-SNAPSHOT
[22:02:45] [Server thread/INFO]: [ProtocolLib] Started structure compiler thread.
[22:02:45] [Server thread/INFO]: Preparing level "world"
[22:02:45] [Server thread/INFO]: Reloading ResourceManager: Default, bukkit
[22:02:54] [Server thread/INFO]: Loaded 6 recipes
[22:02:55] [Server thread/INFO]: -------- World Settings For [world] --------
[22:02:55] [Server thread/INFO]: Mob Spawn Range: 6
[22:02:55] [Server thread/INFO]: Hopper Transfer: 8 Hopper Check: 1 Hopper Amount: 1
[22:02:55] [Server thread/INFO]: Experience Merge Radius: 3.0
[22:02:55] [Server thread/INFO]: Entity Activation Range: An 32 / Mo 32 / Ra 48 / Mi 16 / Tiv true
[22:02:55] [Server thread/INFO]: Entity Tracking Range: Pl 48 / An 48 / Mo 48 / Mi 32 / Other 64
[22:02:55] [Server thread/INFO]: Custom Map Seeds:  Village: 10387312 Desert: 14357617 Igloo: 14357618 Jungle: 14357619 Swamp: 14357620 Monument: 10387313Ocean: 14357621 Shipwreck: 165745295 Slime: 987234911
[22:02:55] [Server thread/INFO]: Cactus Growth Modifier: 100%
[22:02:55] [Server thread/INFO]: Cane Growth Modifier: 100%
[22:02:55] [Server thread/INFO]: Melon Growth Modifier: 100%
[22:02:55] [Server thread/INFO]: Mushroom Growth Modifier: 100%
[22:02:55] [Server thread/INFO]: Pumpkin Growth Modifier: 100%
[22:02:55] [Server thread/INFO]: Sapling Growth Modifier: 100%
[22:02:55] [Server thread/INFO]: Beetroot Growth Modifier: 100%
[22:02:55] [Server thread/INFO]: Carrot Growth Modifier: 100%
[22:02:55] [Server thread/INFO]: Potato Growth Modifier: 100%
[22:02:55] [Server thread/INFO]: Wheat Growth Modifier: 100%
[22:02:55] [Server thread/INFO]: NetherWart Growth Modifier: 100%
[22:02:55] [Server thread/INFO]: Vine Growth Modifier: 100%
[22:02:55] [Server thread/INFO]: Cocoa Growth Modifier: 100%
[22:02:55] [Server thread/INFO]: Bamboo Growth Modifier: 100%
[22:02:55] [Server thread/INFO]: SweetBerry Growth Modifier: 100%
[22:02:55] [Server thread/INFO]: Kelp Growth Modifier: 100%
[22:02:55] [Server thread/INFO]: Max TNT Explosions: 100
[22:02:55] [Server thread/INFO]: Tile Max Tick Time: 50ms Entity max Tick Time: 50ms
[22:02:55] [Server thread/INFO]: View Distance: 10
[22:02:55] [Server thread/INFO]: Item Merge Radius: 2.5
[22:02:55] [Server thread/INFO]: Item Despawn Rate: 6000
[22:02:55] [Server thread/INFO]: Allow Zombie Pigmen to spawn from portal blocks: true
[22:02:55] [Server thread/INFO]: Arrow Despawn Rate: 1200
[22:02:55] [Server thread/INFO]: Nerfing mobs spawned from spawners: false
[22:02:55] [Server thread/INFO]: Zombie Aggressive Towards Villager: true
[22:02:56] [Server thread/INFO]: -------- World Settings For [world_nether] --------
[22:02:56] [Server thread/INFO]: Mob Spawn Range: 6
[22:02:56] [Server thread/INFO]: Hopper Transfer: 8 Hopper Check: 1 Hopper Amount: 1
[22:02:56] [Server thread/INFO]: Experience Merge Radius: 3.0
[22:02:56] [Server thread/INFO]: Entity Activation Range: An 32 / Mo 32 / Ra 48 / Mi 16 / Tiv true
[22:02:56] [Server thread/INFO]: Entity Tracking Range: Pl 48 / An 48 / Mo 48 / Mi 32 / Other 64
[22:02:56] [Server thread/INFO]: Custom Map Seeds:  Village: 10387312 Desert: 14357617 Igloo: 14357618 Jungle: 14357619 Swamp: 14357620 Monument: 10387313Ocean: 14357621 Shipwreck: 165745295 Slime: 987234911
[22:02:56] [Server thread/INFO]: Cactus Growth Modifier: 100%
[22:02:56] [Server thread/INFO]: Cane Growth Modifier: 100%
[22:02:56] [Server thread/INFO]: Melon Growth Modifier: 100%
[22:02:56] [Server thread/INFO]: Mushroom Growth Modifier: 100%
[22:02:56] [Server thread/INFO]: Pumpkin Growth Modifier: 100%
[22:02:56] [Server thread/INFO]: Sapling Growth Modifier: 100%
[22:02:56] [Server thread/INFO]: Beetroot Growth Modifier: 100%
[22:02:56] [Server thread/INFO]: Carrot Growth Modifier: 100%
[22:02:56] [Server thread/INFO]: Potato Growth Modifier: 100%
[22:02:56] [Server thread/INFO]: Wheat Growth Modifier: 100%
[22:02:56] [Server thread/INFO]: NetherWart Growth Modifier: 100%
[22:02:56] [Server thread/INFO]: Vine Growth Modifier: 100%
[22:02:56] [Server thread/INFO]: Cocoa Growth Modifier: 100%
[22:02:56] [Server thread/INFO]: Bamboo Growth Modifier: 100%
[22:02:56] [Server thread/INFO]: SweetBerry Growth Modifier: 100%
[22:02:56] [Server thread/INFO]: Kelp Growth Modifier: 100%
[22:02:56] [Server thread/INFO]: Max TNT Explosions: 100
[22:02:56] [Server thread/INFO]: Tile Max Tick Time: 50ms Entity max Tick Time: 50ms
[22:02:56] [Server thread/INFO]: View Distance: 10
[22:02:56] [Server thread/INFO]: Item Merge Radius: 2.5
[22:02:56] [Server thread/INFO]: Item Despawn Rate: 6000
[22:02:56] [Server thread/INFO]: Allow Zombie Pigmen to spawn from portal blocks: true
[22:02:56] [Server thread/INFO]: Arrow Despawn Rate: 1200
[22:02:56] [Server thread/INFO]: Nerfing mobs spawned from spawners: false
[22:02:56] [Server thread/INFO]: Zombie Aggressive Towards Villager: true
[22:02:56] [Server thread/INFO]: -------- World Settings For [world_the_end] --------
[22:02:56] [Server thread/INFO]: Mob Spawn Range: 6
[22:02:56] [Server thread/INFO]: Hopper Transfer: 8 Hopper Check: 1 Hopper Amount: 1
[22:02:56] [Server thread/INFO]: Experience Merge Radius: 3.0
[22:02:56] [Server thread/INFO]: Entity Activation Range: An 32 / Mo 32 / Ra 48 / Mi 16 / Tiv true
[22:02:56] [Server thread/INFO]: Entity Tracking Range: Pl 48 / An 48 / Mo 48 / Mi 32 / Other 64
[22:02:56] [Server thread/INFO]: Custom Map Seeds:  Village: 10387312 Desert: 14357617 Igloo: 14357618 Jungle: 14357619 Swamp: 14357620 Monument: 10387313Ocean: 14357621 Shipwreck: 165745295 Slime: 987234911
[22:02:56] [Server thread/INFO]: Cactus Growth Modifier: 100%
[22:02:56] [Server thread/INFO]: Cane Growth Modifier: 100%
[22:02:56] [Server thread/INFO]: Melon Growth Modifier: 100%
[22:02:56] [Server thread/INFO]: Mushroom Growth Modifier: 100%
[22:02:56] [Server thread/INFO]: Pumpkin Growth Modifier: 100%
[22:02:56] [Server thread/INFO]: Sapling Growth Modifier: 100%
[22:02:56] [Server thread/INFO]: Beetroot Growth Modifier: 100%
[22:02:56] [Server thread/INFO]: Carrot Growth Modifier: 100%
[22:02:56] [Server thread/INFO]: Potato Growth Modifier: 100%
[22:02:56] [Server thread/INFO]: Wheat Growth Modifier: 100%
[22:02:56] [Server thread/INFO]: NetherWart Growth Modifier: 100%
[22:02:56] [Server thread/INFO]: Vine Growth Modifier: 100%
[22:02:56] [Server thread/INFO]: Cocoa Growth Modifier: 100%
[22:02:56] [Server thread/INFO]: Bamboo Growth Modifier: 100%
[22:02:56] [Server thread/INFO]: SweetBerry Growth Modifier: 100%
[22:02:56] [Server thread/INFO]: Kelp Growth Modifier: 100%
[22:02:56] [Server thread/INFO]: Max TNT Explosions: 100
[22:02:56] [Server thread/INFO]: Tile Max Tick Time: 50ms Entity max Tick Time: 50ms
[22:02:56] [Server thread/INFO]: View Distance: 10
[22:02:56] [Server thread/INFO]: Item Merge Radius: 2.5
[22:02:56] [Server thread/INFO]: Item Despawn Rate: 6000
[22:02:56] [Server thread/INFO]: Allow Zombie Pigmen to spawn from portal blocks: true
[22:02:56] [Server thread/INFO]: Arrow Despawn Rate: 1200
[22:02:56] [Server thread/INFO]: Nerfing mobs spawned from spawners: false
[22:02:56] [Server thread/INFO]: Zombie Aggressive Towards Villager: true
[22:02:56] [Server thread/INFO]: Preparing start region for dimension 'world'/minecraft:overworld
[22:02:57] [Server thread/INFO]: Preparing spawn area: 0%
[22:02:57] [Server thread/INFO]: Preparing spawn area: 0%
[22:02:57] [Server thread/INFO]: Preparing spawn area: 0%
[22:02:57] [Server thread/INFO]: Preparing spawn area: 0%
[22:02:58] [Server thread/INFO]: Preparing spawn area: 2%
[22:02:59] [Server thread/INFO]: Preparing spawn area: 13%
[22:02:59] [Server thread/INFO]: Preparing spawn area: 17%
[22:03:00] [Server thread/INFO]: Preparing spawn area: 17%
[22:03:00] [Server thread/INFO]: Preparing spawn area: 17%
[22:03:00] [Server thread/INFO]: Preparing spawn area: 17%
[22:03:01] [Server thread/INFO]: Preparing spawn area: 17%
[22:03:04] [Server-Worker-2/INFO]: Preparing spawn area: 17%
[22:03:04] [Server-Worker-2/INFO]: Preparing spawn area: 17%
[22:03:04] [Server-Worker-1/INFO]: Preparing spawn area: 17%
[22:03:04] [Server-Worker-1/INFO]: Preparing spawn area: 17%
[22:03:04] [Server-Worker-1/INFO]: Preparing spawn area: 17%
[22:03:04] [Server thread/INFO]: Preparing spawn area: 80%
[22:03:04] [Server-Worker-1/INFO]: Preparing spawn area: 100%
[22:03:05] [Server-Worker-2/INFO]: Preparing spawn area: 100%
[22:03:05] [Server-Worker-1/INFO]: Preparing spawn area: 100%
[22:03:06] [Server-Worker-2/INFO]: Preparing spawn area: 100%
[22:03:07] [Server-Worker-2/INFO]: Preparing spawn area: 100%
[22:03:07] [Server-Worker-1/INFO]: Preparing spawn area: 100%
[22:03:07] [Server thread/INFO]: Loaded 441 spawn chunks for world world
[22:03:07] [Server thread/INFO]: Time elapsed: 11338 ms
[22:03:07] [Server thread/INFO]: Preparing start region for dimension 'world_nether'/minecraft:the_nether
[22:03:07] [Server thread/INFO]: Preparing spawn area: 0%
[22:03:08] [Server thread/INFO]: Preparing spawn area: 17%
[22:03:08] [Server-Worker-2/INFO]: Preparing spawn area: 41%
[22:03:09] [Server-Worker-1/INFO]: Preparing spawn area: 50%
[22:03:10] [Server thread/INFO]: Preparing spawn area: 72%
[22:03:10] [Server thread/INFO]: Preparing spawn area: 72%
[22:03:10] [Server thread/INFO]: Preparing spawn area: 89%
[22:03:11] [Server thread/INFO]: Preparing spawn area: 100%
[22:03:11] [Server-Worker-2/INFO]: Preparing spawn area: 100%
[22:03:12] [Server-Worker-2/INFO]: Preparing spawn area: 100%
[22:03:12] [Server-Worker-1/INFO]: Preparing spawn area: 100%
[22:03:13] [Server-Worker-1/INFO]: Preparing spawn area: 100%
[22:03:13] [Server-Worker-1/INFO]: Preparing spawn area: 100%
[22:03:14] [Server thread/INFO]: Loaded 441 spawn chunks for world world_nether
[22:03:14] [Server thread/INFO]: Time elapsed: 6204 ms
[22:03:14] [Server thread/INFO]: Preparing start region for dimension 'world_the_end'/minecraft:the_end
[22:03:14] [Server thread/INFO]: Preparing spawn area: 0%
[22:03:14] [Server thread/INFO]: Preparing spawn area: 48%
[22:03:15] [Server thread/INFO]: Preparing spawn area: 65%
[22:03:15] [Server-Worker-2/INFO]: Preparing spawn area: 97%
[22:03:16] [Server-Worker-1/INFO]: Preparing spawn area: 100%
[22:03:16] [Server thread/INFO]: Loaded 441 spawn chunks for world world_the_end
[22:03:16] [Server thread/INFO]: Time elapsed: 2356 ms
[22:03:16] [Server thread/INFO]: [TrendyTrails] Enabling TrendyTrails v0.1.1
[22:03:16] [Server thread/INFO]: [org.reflections.Reflections] Reflections took 28 ms to scan 1 urls, producing 2097 keys and 2308 values 
[22:03:16] [Server thread/INFO]: [TrendyTrails] Found existing translation file in english.yml.
[22:03:16] [Server thread/INFO]: [TrendyTrails] Found existing translation file in swedish.yml.
[22:03:16] [Server thread/INFO]: [bracingbosses] Enabling bracingbosses v0.1.0
[22:03:16] [Server thread/INFO]: [org.reflections.Reflections] Reflections took 6 ms to scan 1 urls, producing 2097 keys and 2308 values 
[22:03:16] [Server thread/INFO]: [bracingbosses] Found existing translation file in english.yml.
[22:03:16] [Server thread/INFO]: [bracingbosses] Deleted unused key `summon_failed` from `english.yml`.
[22:03:16] [Server thread/INFO]: [bracingbosses] Deleted unused key `summon_success` from `english.yml`.
[22:03:16] [Server thread/INFO]: [bracingbosses] Added missing key `effect_set_success` to `english.yml`.
[22:03:16] [Server thread/INFO]: [bracingbosses] Added missing key `effect_handle_failed` to `english.yml`.
[22:03:16] [Server thread/INFO]: [bracingbosses] Added missing key `effect_removed_success` to `english.yml`.
[22:03:16] [Server thread/INFO]: [bracingbosses] Added missing key `color_not_found` to `english.yml`.
[22:03:16] [Server thread/INFO]: [bracingbosses] Added missing key `default_error` to `english.yml`.
[22:03:16] [Server thread/INFO]: [bracingbosses] Added missing key `missing_argument` to `english.yml`.
[22:03:16] [Server thread/INFO]: [bracingbosses] Added missing key `no_active_trail` to `english.yml`.
[22:03:16] [Server thread/INFO]: [bracingbosses] Found existing translation file in swedish.yml.
[22:03:16] [Server thread/INFO]: [bracingbosses] Deleted unused key `summon_failed` from `swedish.yml`.
[22:03:16] [Server thread/INFO]: [bracingbosses] Deleted unused key `summon_success` from `swedish.yml`.
[22:03:16] [Server thread/INFO]: [bracingbosses] Added missing key `effect_set_success` to `swedish.yml`.
[22:03:16] [Server thread/INFO]: [bracingbosses] Added missing key `effect_handle_failed` to `swedish.yml`.
[22:03:16] [Server thread/INFO]: [bracingbosses] Added missing key `effect_removed_success` to `swedish.yml`.
[22:03:16] [Server thread/INFO]: [bracingbosses] Added missing key `color_not_found` to `swedish.yml`.
[22:03:16] [Server thread/INFO]: [bracingbosses] Added missing key `default_error` to `swedish.yml`.
[22:03:16] [Server thread/INFO]: [bracingbosses] Added missing key `missing_argument` to `swedish.yml`.
[22:03:16] [Server thread/INFO]: [bracingbosses] Added missing key `no_active_trail` to `swedish.yml`.
[22:03:16] [Server thread/INFO]: Done (31.561s)! For help, type "help"
[22:03:16] [Server thread/INFO]: Timings Reset
[22:03:32] [User Authenticator #1/INFO]: UUID of player philip2096 is bf6d2333-0ea1-45d4-877a-b006d31e91d1
[22:03:34] [Server thread/INFO]: philip2096[/192.168.1.14:54739] logged in with entity id 257 at ([world]-263.3786022755716, 70.0, 253.83454989490883)
[22:03:38] [Server thread/INFO]: philip2096 issued server command: /boss summon
[22:03:46] [Server thread/INFO]: philip2096 issued server command: /boss reload
[22:03:57] [Server thread/INFO]: Nothing changed. The player already is an operator
[22:04:02] [Server thread/INFO]: philip2096 issued server command: /boss reload
[22:05:09] [Server thread/INFO]: philip2096 issued server command: /lp group default permission set bossybosses.reload
[22:05:09] [pool-10-thread-1/INFO]: [LP] LOG > (philip2096) [G] (default)
[22:05:09] [pool-10-thread-1/INFO]: [LP] LOG > permission set bossybosses.reload true
[22:05:14] [Server thread/INFO]: philip2096 issued server command: /lp group default permission set bossybosses.summon
[22:05:14] [pool-10-thread-1/INFO]: [LP] LOG > (philip2096) [G] (default)
[22:05:14] [pool-10-thread-1/INFO]: [LP] LOG > permission set bossybosses.summon true
[22:05:17] [Server thread/INFO]: philip2096 issued server command: /boss reload
[22:05:24] [Server thread/INFO]: philip2096 issued server command: /boss summon
[22:06:47] [Server thread/INFO]: philip2096 issued server command: /gamemode survival
[22:06:47] [Server thread/INFO]: [philip2096: Set own game mode to Survival Mode]
[22:07:22] [Server thread/INFO]: philip2096 issued server command: /gamemode creative
[22:07:22] [Server thread/INFO]: [philip2096: Set own game mode to Creative Mode]
